<?xml version="1.0" encoding="UTF-8"?>
<coverage generated="1535347135090" clover="3.2.0">
  <project timestamp="1535347135090" name="All files">
    <metrics statements="43" coveredstatements="42" conditionals="6" coveredconditionals="6" methods="14" coveredmethods="13" elements="63" coveredelements="61" complexity="0" loc="43" ncloc="43" packages="6" files="13" classes="13">
      <package name="assets">
        <metrics statements="3" coveredstatements="3" conditionals="0" coveredconditionals="0" methods="0" coveredmethods="0"/>
        <file name="jobcard.png" path="/Users/sooraj/rntest/zapiertest/src/assets/jobcard.png">
          <metrics statements="1" coveredstatements="1" conditionals="0" coveredconditionals="0" methods="0" coveredmethods="0"/>
          <line num="1" count="2" type="stmt"/>
        </file>
        <file name="plusbutton.png" path="/Users/sooraj/rntest/zapiertest/src/assets/plusbutton.png">
          <metrics statements="1" coveredstatements="1" conditionals="0" coveredconditionals="0" methods="0" coveredmethods="0"/>
          <line num="1" count="1" type="stmt"/>
        </file>
        <file name="profilepic.png" path="/Users/sooraj/rntest/zapiertest/src/assets/profilepic.png">
          <metrics statements="1" coveredstatements="1" conditionals="0" coveredconditionals="0" methods="0" coveredmethods="0"/>
          <line num="1" count="1" type="stmt"/>
        </file>
      </package>
      <package name="components.button">
        <metrics statements="3" coveredstatements="3" conditionals="0" coveredconditionals="0" methods="1" coveredmethods="1"/>
        <file name="button.js" path="/Users/sooraj/rntest/zapiertest/src/components/button/button.js">
          <metrics statements="3" coveredstatements="3" conditionals="0" coveredconditionals="0" methods="1" coveredmethods="1"/>
          <line num="17" count="17" type="stmt"/>
          <line num="30" count="4" type="stmt"/>
          <line num="38" count="4" type="stmt"/>
        </file>
      </package>
      <package name="components.header">
        <metrics statements="11" coveredstatements="11" conditionals="6" coveredconditionals="6" methods="5" coveredmethods="5"/>
        <file name="header.js" path="/Users/sooraj/rntest/zapiertest/src/components/header/header.js">
          <metrics statements="9" coveredstatements="9" conditionals="6" coveredconditionals="6" methods="5" coveredmethods="5"/>
          <line num="18" count="3" type="stmt"/>
          <line num="23" count="21" type="cond" truecount="2" falsecount="0"/>
          <line num="24" count="17" type="stmt"/>
          <line num="35" count="7" type="stmt"/>
          <line num="42" count="1" type="stmt"/>
          <line num="44" count="1" type="stmt"/>
          <line num="62" count="21" type="stmt"/>
          <line num="93" count="3" type="stmt"/>
          <line num="105" count="3" type="stmt"/>
        </file>
        <file name="styles.js" path="/Users/sooraj/rntest/zapiertest/src/components/header/styles.js">
          <metrics statements="2" coveredstatements="2" conditionals="0" coveredconditionals="0" methods="0" coveredmethods="0"/>
          <line num="6" count="3" type="stmt"/>
          <line num="7" count="3" type="stmt"/>
        </file>
      </package>
      <package name="components.jobcard">
        <metrics statements="8" coveredstatements="8" conditionals="0" coveredconditionals="0" methods="2" coveredmethods="2"/>
        <file name="jobcard.js" path="/Users/sooraj/rntest/zapiertest/src/components/jobcard/jobcard.js">
          <metrics statements="6" coveredstatements="6" conditionals="0" coveredconditionals="0" methods="2" coveredmethods="2"/>
          <line num="20" count="2" type="stmt"/>
          <line num="21" count="2" type="stmt"/>
          <line num="26" count="6" type="stmt"/>
          <line num="29" count="1" type="stmt"/>
          <line num="91" count="2" type="stmt"/>
          <line num="104" count="2" type="stmt"/>
        </file>
        <file name="styles.js" path="/Users/sooraj/rntest/zapiertest/src/components/jobcard/styles.js">
          <metrics statements="2" coveredstatements="2" conditionals="0" coveredconditionals="0" methods="0" coveredmethods="0"/>
          <line num="6" count="2" type="stmt"/>
          <line num="8" count="2" type="stmt"/>
        </file>
      </package>
      <package name="components.jobdetails">
        <metrics statements="7" coveredstatements="7" conditionals="0" coveredconditionals="0" methods="1" coveredmethods="1"/>
        <file name="jobdetails.js" path="/Users/sooraj/rntest/zapiertest/src/components/jobdetails/jobdetails.js">
          <metrics statements="5" coveredstatements="5" conditionals="0" coveredconditionals="0" methods="1" coveredmethods="1"/>
          <line num="22" count="1" type="stmt"/>
          <line num="27" count="1" type="stmt"/>
          <line num="28" count="1" type="stmt"/>
          <line num="29" count="1" type="stmt"/>
          <line num="151" count="1" type="stmt"/>
        </file>
        <file name="styles.js" path="/Users/sooraj/rntest/zapiertest/src/components/jobdetails/styles.js">
          <metrics statements="2" coveredstatements="2" conditionals="0" coveredconditionals="0" methods="0" coveredmethods="0"/>
          <line num="6" count="1" type="stmt"/>
          <line num="8" count="1" type="stmt"/>
        </file>
      </package>
      <package name="components.joblist">
        <metrics statements="11" coveredstatements="10" conditionals="0" coveredconditionals="0" methods="5" coveredmethods="4"/>
        <file name="dummydata.js" path="/Users/sooraj/rntest/zapiertest/src/components/joblist/dummydata.js">
          <metrics statements="2" coveredstatements="2" conditionals="0" coveredconditionals="0" methods="0" coveredmethods="0"/>
          <line num="2" count="1" type="stmt"/>
          <line num="4" count="1" type="stmt"/>
        </file>
        <file name="joblist.js" path="/Users/sooraj/rntest/zapiertest/src/components/joblist/joblist.js">
          <metrics statements="7" coveredstatements="6" conditionals="0" coveredconditionals="0" methods="5" coveredmethods="4"/>
          <line num="21" count="1" type="stmt"/>
          <line num="25" count="4" type="stmt"/>
          <line num="28" count="1" type="stmt"/>
          <line num="32" count="2" type="stmt"/>
          <line num="46" count="4" type="stmt"/>
          <line num="48" count="0" type="stmt"/>
          <line num="72" count="1" type="stmt"/>
        </file>
        <file name="styles.js" path="/Users/sooraj/rntest/zapiertest/src/components/joblist/styles.js">
          <metrics statements="2" coveredstatements="2" conditionals="0" coveredconditionals="0" methods="0" coveredmethods="0"/>
          <line num="6" count="1" type="stmt"/>
          <line num="8" count="1" type="stmt"/>
        </file>
      </package>
    </metrics>
  </project>
</coverage>
