{"/Users/sooraj/rntest/zapiertest/src/assets/jobcard.png": {"path":"/Users/sooraj/rntest/zapiertest/src/assets/jobcard.png","statementMap":{"0":{"start":{"line":1,"column":0},"end":{"line":3,"column":6}}},"fnMap":{},"branchMap":{},"s":{"0":2},"f":{},"b":{},"_coverageSchema":"332fd63041d2c1bcb487cc26dd0d5f7d97098a6c","hash":"7c9b721ec3a23141f3b8258dece4cd0d80b12424"}
,"/Users/sooraj/rntest/zapiertest/src/assets/plusbutton.png": {"path":"/Users/sooraj/rntest/zapiertest/src/assets/plusbutton.png","statementMap":{"0":{"start":{"line":1,"column":0},"end":{"line":3,"column":6}}},"fnMap":{},"branchMap":{},"s":{"0":1},"f":{},"b":{},"_coverageSchema":"332fd63041d2c1bcb487cc26dd0d5f7d97098a6c","hash":"18319f5de00669fbb4b418a86e2774a08c7b3eee"}
,"/Users/sooraj/rntest/zapiertest/src/assets/profilepic.png": {"path":"/Users/sooraj/rntest/zapiertest/src/assets/profilepic.png","statementMap":{"0":{"start":{"line":1,"column":0},"end":{"line":3,"column":6}}},"fnMap":{},"branchMap":{},"s":{"0":1},"f":{},"b":{},"_coverageSchema":"332fd63041d2c1bcb487cc26dd0d5f7d97098a6c","hash":"1806151ab07d24eb3005ac0fe86650e679bed03b"}
,"/Users/sooraj/rntest/zapiertest/src/components/button/button.js": {"path":"/Users/sooraj/rntest/zapiertest/src/components/button/button.js","statementMap":{"0":{"start":{"line":17,"column":4},"end":{"line":26,"column":6}},"1":{"start":{"line":30,"column":0},"end":{"line":36,"column":2}},"2":{"start":{"line":38,"column":0},"end":{"line":44,"column":2}}},"fnMap":{"0":{"name":"(anonymous_0)","decl":{"start":{"line":16,"column":2},"end":{"line":16,"column":3}},"loc":{"start":{"line":16,"column":11},"end":{"line":27,"column":3}},"line":16}},"branchMap":{},"s":{"0":17,"1":4,"2":4},"f":{"0":17},"b":{},"_coverageSchema":"332fd63041d2c1bcb487cc26dd0d5f7d97098a6c","hash":"ecf7611030821c206687f73c9d488defa6cdb1e5"}
,"/Users/sooraj/rntest/zapiertest/src/components/header/header.js": {"path":"/Users/sooraj/rntest/zapiertest/src/components/header/header.js","statementMap":{"0":{"start":{"line":18,"column":18},"end":{"line":18,"column":42}},"1":{"start":{"line":23,"column":4},"end":{"line":31,"column":5}},"2":{"start":{"line":24,"column":6},"end":{"line":30,"column":8}},"3":{"start":{"line":35,"column":4},"end":{"line":89,"column":6}},"4":{"start":{"line":42,"column":18},"end":{"line":42,"column":48}},"5":{"start":{"line":44,"column":18},"end":{"line":44,"column":52}},"6":{"start":{"line":62,"column":14},"end":{"line":67,"column":33}},"7":{"start":{"line":93,"column":0},"end":{"line":103,"column":2}},"8":{"start":{"line":105,"column":0},"end":{"line":111,"column":2}}},"fnMap":{"0":{"name":"(anonymous_0)","decl":{"start":{"line":22,"column":2},"end":{"line":22,"column":3}},"loc":{"start":{"line":22,"column":27},"end":{"line":32,"column":3}},"line":22},"1":{"name":"(anonymous_1)","decl":{"start":{"line":34,"column":2},"end":{"line":34,"column":3}},"loc":{"start":{"line":34,"column":11},"end":{"line":90,"column":3}},"line":34},"2":{"name":"(anonymous_2)","decl":{"start":{"line":42,"column":12},"end":{"line":42,"column":13}},"loc":{"start":{"line":42,"column":18},"end":{"line":42,"column":48}},"line":42},"3":{"name":"(anonymous_3)","decl":{"start":{"line":44,"column":12},"end":{"line":44,"column":13}},"loc":{"start":{"line":44,"column":18},"end":{"line":44,"column":52}},"line":44},"4":{"name":"(anonymous_4)","decl":{"start":{"line":61,"column":41},"end":{"line":61,"column":42}},"loc":{"start":{"line":62,"column":14},"end":{"line":67,"column":33}},"line":62}},"branchMap":{"0":{"loc":{"start":{"line":23,"column":4},"end":{"line":31,"column":5}},"type":"if","locations":[{"start":{"line":23,"column":4},"end":{"line":31,"column":5}},{"start":{"line":23,"column":4},"end":{"line":31,"column":5}}],"line":23},"1":{"loc":{"start":{"line":40,"column":12},"end":{"line":44,"column":52}},"type":"cond-expr","locations":[{"start":{"line":42,"column":12},"end":{"line":42,"column":48}},{"start":{"line":44,"column":12},"end":{"line":44,"column":52}}],"line":40},"2":{"loc":{"start":{"line":72,"column":11},"end":{"line":86,"column":21}},"type":"cond-expr","locations":[{"start":{"line":74,"column":13},"end":{"line":84,"column":32}},{"start":{"line":86,"column":13},"end":{"line":86,"column":21}}],"line":72}},"s":{"0":3,"1":21,"2":17,"3":7,"4":1,"5":1,"6":21,"7":3,"8":3},"f":{"0":21,"1":7,"2":1,"3":1,"4":21},"b":{"0":[17,4],"1":[3,4],"2":[6,1]},"_coverageSchema":"332fd63041d2c1bcb487cc26dd0d5f7d97098a6c","hash":"99305d96b52e71a0f44ed64e3c306b56b429f1bb"}
,"/Users/sooraj/rntest/zapiertest/src/components/header/styles.js": {"path":"/Users/sooraj/rntest/zapiertest/src/components/header/styles.js","statementMap":{"0":{"start":{"line":6,"column":26},"end":{"line":6,"column":50}},"1":{"start":{"line":7,"column":15},"end":{"line":54,"column":2}}},"fnMap":{},"branchMap":{},"s":{"0":3,"1":3},"f":{},"b":{},"_coverageSchema":"332fd63041d2c1bcb487cc26dd0d5f7d97098a6c","hash":"3b2c7914f4dda44525f96b1ed1a95be100822a9c"}
,"/Users/sooraj/rntest/zapiertest/src/components/jobcard/jobcard.js": {"path":"/Users/sooraj/rntest/zapiertest/src/components/jobcard/jobcard.js","statementMap":{"0":{"start":{"line":20,"column":18},"end":{"line":20,"column":42}},"1":{"start":{"line":21,"column":23},"end":{"line":21,"column":58}},"2":{"start":{"line":26,"column":4},"end":{"line":87,"column":6}},"3":{"start":{"line":29,"column":23},"end":{"line":29,"column":50}},"4":{"start":{"line":91,"column":0},"end":{"line":102,"column":2}},"5":{"start":{"line":104,"column":0},"end":{"line":115,"column":2}}},"fnMap":{"0":{"name":"(anonymous_0)","decl":{"start":{"line":25,"column":2},"end":{"line":25,"column":3}},"loc":{"start":{"line":25,"column":11},"end":{"line":88,"column":3}},"line":25},"1":{"name":"(anonymous_1)","decl":{"start":{"line":29,"column":17},"end":{"line":29,"column":18}},"loc":{"start":{"line":29,"column":23},"end":{"line":29,"column":50}},"line":29}},"branchMap":{},"s":{"0":2,"1":2,"2":6,"3":1,"4":2,"5":2},"f":{"0":6,"1":1},"b":{},"_coverageSchema":"332fd63041d2c1bcb487cc26dd0d5f7d97098a6c","hash":"efea836f25f492997731468248d6724c30c58bb5"}
,"/Users/sooraj/rntest/zapiertest/src/components/jobcard/styles.js": {"path":"/Users/sooraj/rntest/zapiertest/src/components/jobcard/styles.js","statementMap":{"0":{"start":{"line":6,"column":26},"end":{"line":6,"column":50}},"1":{"start":{"line":8,"column":15},"end":{"line":115,"column":2}}},"fnMap":{},"branchMap":{},"s":{"0":2,"1":2},"f":{},"b":{},"_coverageSchema":"332fd63041d2c1bcb487cc26dd0d5f7d97098a6c","hash":"c3c5235ec490b91ddd00db061b3cc4e2cdfd8873"}
,"/Users/sooraj/rntest/zapiertest/src/components/jobdetails/jobdetails.js": {"path":"/Users/sooraj/rntest/zapiertest/src/components/jobdetails/jobdetails.js","statementMap":{"0":{"start":{"line":22,"column":18},"end":{"line":22,"column":42}},"1":{"start":{"line":27,"column":22},"end":{"line":27,"column":43}},"2":{"start":{"line":28,"column":20},"end":{"line":28,"column":40}},"3":{"start":{"line":29,"column":4},"end":{"line":147,"column":6}},"4":{"start":{"line":151,"column":0},"end":{"line":156,"column":2}}},"fnMap":{"0":{"name":"(anonymous_0)","decl":{"start":{"line":26,"column":2},"end":{"line":26,"column":3}},"loc":{"start":{"line":26,"column":11},"end":{"line":148,"column":3}},"line":26}},"branchMap":{},"s":{"0":1,"1":1,"2":1,"3":1,"4":1},"f":{"0":1},"b":{},"_coverageSchema":"332fd63041d2c1bcb487cc26dd0d5f7d97098a6c","hash":"a2fe80e0714c031c466512c397c277cf6bdad75c"}
,"/Users/sooraj/rntest/zapiertest/src/components/jobdetails/styles.js": {"path":"/Users/sooraj/rntest/zapiertest/src/components/jobdetails/styles.js","statementMap":{"0":{"start":{"line":6,"column":26},"end":{"line":6,"column":50}},"1":{"start":{"line":8,"column":15},"end":{"line":196,"column":2}}},"fnMap":{},"branchMap":{},"s":{"0":1,"1":1},"f":{},"b":{},"_coverageSchema":"332fd63041d2c1bcb487cc26dd0d5f7d97098a6c","hash":"039c98b985833df6efa3c55d37f6b347170c78f5"}
,"/Users/sooraj/rntest/zapiertest/src/components/joblist/dummydata.js": {"path":"/Users/sooraj/rntest/zapiertest/src/components/joblist/dummydata.js","statementMap":{"0":{"start":{"line":2,"column":19},"end":{"line":2,"column":57}},"1":{"start":{"line":4,"column":18},"end":{"line":35,"column":1}}},"fnMap":{},"branchMap":{},"s":{"0":1,"1":1},"f":{},"b":{},"_coverageSchema":"332fd63041d2c1bcb487cc26dd0d5f7d97098a6c","hash":"d7868530b38a2f25df15bfeb52723e623c9aec64"}
,"/Users/sooraj/rntest/zapiertest/src/components/joblist/joblist.js": {"path":"/Users/sooraj/rntest/zapiertest/src/components/joblist/joblist.js","statementMap":{"0":{"start":{"line":21,"column":19},"end":{"line":21,"column":57}},"1":{"start":{"line":25,"column":34},"end":{"line":25,"column":39}},"2":{"start":{"line":28,"column":4},"end":{"line":28,"column":68}},"3":{"start":{"line":32,"column":4},"end":{"line":68,"column":6}},"4":{"start":{"line":46,"column":12},"end":{"line":57,"column":14}},"5":{"start":{"line":48,"column":36},"end":{"line":48,"column":61}},"6":{"start":{"line":72,"column":0},"end":{"line":78,"column":2}}},"fnMap":{"0":{"name":"(anonymous_0)","decl":{"start":{"line":25,"column":17},"end":{"line":25,"column":18}},"loc":{"start":{"line":25,"column":34},"end":{"line":25,"column":39}},"line":25},"1":{"name":"(anonymous_1)","decl":{"start":{"line":27,"column":2},"end":{"line":27,"column":3}},"loc":{"start":{"line":27,"column":23},"end":{"line":29,"column":3}},"line":27},"2":{"name":"(anonymous_2)","decl":{"start":{"line":31,"column":2},"end":{"line":31,"column":3}},"loc":{"start":{"line":31,"column":11},"end":{"line":69,"column":3}},"line":31},"3":{"name":"(anonymous_3)","decl":{"start":{"line":45,"column":22},"end":{"line":45,"column":23}},"loc":{"start":{"line":46,"column":12},"end":{"line":57,"column":14}},"line":46},"4":{"name":"(anonymous_4)","decl":{"start":{"line":48,"column":30},"end":{"line":48,"column":31}},"loc":{"start":{"line":48,"column":36},"end":{"line":48,"column":61}},"line":48}},"branchMap":{},"s":{"0":1,"1":4,"2":1,"3":2,"4":4,"5":0,"6":1},"f":{"0":4,"1":1,"2":2,"3":4,"4":0},"b":{},"_coverageSchema":"332fd63041d2c1bcb487cc26dd0d5f7d97098a6c","hash":"7ec35d1ad0e18da2310f6903823eabf233978187"}
,"/Users/sooraj/rntest/zapiertest/src/components/joblist/styles.js": {"path":"/Users/sooraj/rntest/zapiertest/src/components/joblist/styles.js","statementMap":{"0":{"start":{"line":6,"column":18},"end":{"line":6,"column":42}},"1":{"start":{"line":8,"column":15},"end":{"line":26,"column":2}}},"fnMap":{},"branchMap":{},"s":{"0":1,"1":1},"f":{},"b":{},"_coverageSchema":"332fd63041d2c1bcb487cc26dd0d5f7d97098a6c","hash":"1baefe0db692a31b76287a232cc095a80cf2f25b"}
}
