TN:
SF:/Users/sooraj/rntest/zapiertest/src/assets/jobcard.png
FNF:0
FNH:0
DA:1,2
LF:1
LH:1
BRF:0
BRH:0
end_of_record
TN:
SF:/Users/sooraj/rntest/zapiertest/src/assets/plusbutton.png
FNF:0
FNH:0
DA:1,1
LF:1
LH:1
BRF:0
BRH:0
end_of_record
TN:
SF:/Users/sooraj/rntest/zapiertest/src/assets/profilepic.png
FNF:0
FNH:0
DA:1,1
LF:1
LH:1
BRF:0
BRH:0
end_of_record
TN:
SF:/Users/sooraj/rntest/zapiertest/src/components/button/button.js
FN:16,(anonymous_0)
FNF:1
FNH:1
FNDA:17,(anonymous_0)
DA:17,17
DA:30,4
DA:38,4
LF:3
LH:3
BRF:0
BRH:0
end_of_record
TN:
SF:/Users/sooraj/rntest/zapiertest/src/components/header/header.js
FN:22,(anonymous_0)
FN:34,(anonymous_1)
FN:42,(anonymous_2)
FN:44,(anonymous_3)
FN:61,(anonymous_4)
FNF:5
FNH:5
FNDA:21,(anonymous_0)
FNDA:7,(anonymous_1)
FNDA:1,(anonymous_2)
FNDA:1,(anonymous_3)
FNDA:21,(anonymous_4)
DA:18,3
DA:23,21
DA:24,17
DA:35,7
DA:42,1
DA:44,1
DA:62,21
DA:93,3
DA:105,3
LF:9
LH:9
BRDA:23,0,0,17
BRDA:23,0,1,4
BRDA:40,1,0,3
BRDA:40,1,1,4
BRDA:72,2,0,6
BRDA:72,2,1,1
BRF:6
BRH:6
end_of_record
TN:
SF:/Users/sooraj/rntest/zapiertest/src/components/header/styles.js
FNF:0
FNH:0
DA:6,3
DA:7,3
LF:2
LH:2
BRF:0
BRH:0
end_of_record
TN:
SF:/Users/sooraj/rntest/zapiertest/src/components/jobcard/jobcard.js
FN:25,(anonymous_0)
FN:29,(anonymous_1)
FNF:2
FNH:2
FNDA:6,(anonymous_0)
FNDA:1,(anonymous_1)
DA:20,2
DA:21,2
DA:26,6
DA:29,1
DA:91,2
DA:104,2
LF:6
LH:6
BRF:0
BRH:0
end_of_record
TN:
SF:/Users/sooraj/rntest/zapiertest/src/components/jobcard/styles.js
FNF:0
FNH:0
DA:6,2
DA:8,2
LF:2
LH:2
BRF:0
BRH:0
end_of_record
TN:
SF:/Users/sooraj/rntest/zapiertest/src/components/jobdetails/jobdetails.js
FN:26,(anonymous_0)
FNF:1
FNH:1
FNDA:1,(anonymous_0)
DA:22,1
DA:27,1
DA:28,1
DA:29,1
DA:151,1
LF:5
LH:5
BRF:0
BRH:0
end_of_record
TN:
SF:/Users/sooraj/rntest/zapiertest/src/components/jobdetails/styles.js
FNF:0
FNH:0
DA:6,1
DA:8,1
LF:2
LH:2
BRF:0
BRH:0
end_of_record
TN:
SF:/Users/sooraj/rntest/zapiertest/src/components/joblist/dummydata.js
FNF:0
FNH:0
DA:2,1
DA:4,1
LF:2
LH:2
BRF:0
BRH:0
end_of_record
TN:
SF:/Users/sooraj/rntest/zapiertest/src/components/joblist/joblist.js
FN:25,(anonymous_0)
FN:27,(anonymous_1)
FN:31,(anonymous_2)
FN:45,(anonymous_3)
FN:48,(anonymous_4)
FNF:5
FNH:4
FNDA:4,(anonymous_0)
FNDA:1,(anonymous_1)
FNDA:2,(anonymous_2)
FNDA:4,(anonymous_3)
FNDA:0,(anonymous_4)
DA:21,1
DA:25,4
DA:28,1
DA:32,2
DA:46,4
DA:48,0
DA:72,1
LF:7
LH:6
BRF:0
BRH:0
end_of_record
TN:
SF:/Users/sooraj/rntest/zapiertest/src/components/joblist/styles.js
FNF:0
FNH:0
DA:6,1
DA:8,1
LF:2
LH:2
BRF:0
BRH:0
end_of_record
